0 info it worked if it ends with ok
1 verbose cli [ '/usr/local/Cellar/node/7.5.0/bin/node',
1 verbose cli   '/usr/local/bin/npm',
1 verbose cli   'run',
1 verbose cli   'deploy' ]
2 info using npm@4.0.5
3 info using node@v7.4.0
4 verbose run-script [ 'predeploy', 'deploy', 'postdeploy' ]
5 info lifecycle minimalist-boilerplate@1.0.0~predeploy: minimalist-boilerplate@1.0.0
6 silly lifecycle minimalist-boilerplate@1.0.0~predeploy: no script for predeploy, continuing
7 info lifecycle minimalist-boilerplate@1.0.0~deploy: minimalist-boilerplate@1.0.0
8 verbose lifecycle minimalist-boilerplate@1.0.0~deploy: unsafe-perm in lifecycle true
9 verbose lifecycle minimalist-boilerplate@1.0.0~deploy: PATH: /usr/local/lib/node_modules/npm/bin/node-gyp-bin:/Users/adeviankakrisnafadlil/Projects/minimalist/node_modules/.bin:/usr/local/bin:/usr/bin:/bin:/usr/sbin:/sbin:/opt/X11/bin
10 verbose lifecycle minimalist-boilerplate@1.0.0~deploy: CWD: /Users/adeviankakrisnafadlil/Projects/minimalist
11 silly lifecycle minimalist-boilerplate@1.0.0~deploy: Args: [ '-c',
11 silly lifecycle   'webpack --progress --optimize-minimize && cp -rf build/* . && git add --all && git commit -am "$m" && git push origin master' ]
12 silly lifecycle minimalist-boilerplate@1.0.0~deploy: Returned: code: 1  signal: null
13 info lifecycle minimalist-boilerplate@1.0.0~deploy: Failed to exec deploy script
14 verbose stack Error: minimalist-boilerplate@1.0.0 deploy: `webpack --progress --optimize-minimize && cp -rf build/* . && git add --all && git commit -am "$m" && git push origin master`
14 verbose stack Exit status 1
14 verbose stack     at EventEmitter.<anonymous> (/usr/local/lib/node_modules/npm/lib/utils/lifecycle.js:279:16)
14 verbose stack     at emitTwo (events.js:106:13)
14 verbose stack     at EventEmitter.emit (events.js:191:7)
14 verbose stack     at ChildProcess.<anonymous> (/usr/local/lib/node_modules/npm/lib/utils/spawn.js:40:14)
14 verbose stack     at emitTwo (events.js:106:13)
14 verbose stack     at ChildProcess.emit (events.js:191:7)
14 verbose stack     at maybeClose (internal/child_process.js:885:16)
14 verbose stack     at Process.ChildProcess._handle.onexit (internal/child_process.js:226:5)
15 verbose pkgid minimalist-boilerplate@1.0.0
16 verbose cwd /Users/adeviankakrisnafadlil/Projects/minimalist
17 error Darwin 16.4.0
18 error argv "/usr/local/Cellar/node/7.5.0/bin/node" "/usr/local/bin/npm" "run" "deploy"
19 error node v7.4.0
20 error npm  v4.0.5
21 error code ELIFECYCLE
22 error minimalist-boilerplate@1.0.0 deploy: `webpack --progress --optimize-minimize && cp -rf build/* . && git add --all && git commit -am "$m" && git push origin master`
22 error Exit status 1
23 error Failed at the minimalist-boilerplate@1.0.0 deploy script 'webpack --progress --optimize-minimize && cp -rf build/* . && git add --all && git commit -am "$m" && git push origin master'.
23 error Make sure you have the latest version of node.js and npm installed.
23 error If you do, this is most likely a problem with the minimalist-boilerplate package,
23 error not with npm itself.
23 error Tell the author that this fails on your system:
23 error     webpack --progress --optimize-minimize && cp -rf build/* . && git add --all && git commit -am "$m" && git push origin master
23 error You can get information on how to open an issue for this project with:
23 error     npm bugs minimalist-boilerplate
23 error Or if that isn't available, you can get their info via:
23 error     npm owner ls minimalist-boilerplate
23 error There is likely additional logging output above.
24 verbose exit [ 1, true ]
